#
# A fatal error has been detected by the Java Runtime Environment:
#
#  EXCEPTION_ACCESS_VIOLATION (0xc0000005) at pc=0x0000000180012df1, pid=51016, tid=43976
#
# JRE version: OpenJDK Runtime Environment Corretto-17.0.7.7.1 (17.0.7+7) (build 17.0.7+7-LTS)
# Java VM: OpenJDK 64-Bit Server VM Corretto-17.0.7.7.1 (17.0.7+7-LTS, mixed mode, emulated-client, sharing, tiered, compressed oops, compressed class ptrs, g1 gc, windows-amd64)
# Problematic frame:
# C  [jacob-1.14.3-x64.dll+0x12df1]
#
# No core dump will be written. Minidumps are not enabled by default on client versions of Windows
#
# If you would like to submit a bug report, please visit:
#   https://github.com/corretto/corretto-17/issues/
# The crash happened outside the Java Virtual Machine in native code.
# See problematic frame for where to report the bug.
#

---------------  S U M M A R Y ------------

Command Line: -XX:TieredStopAtLevel=1 -Xverify:none -Dspring.output.ansi.enabled=always -javaagent:E:\IDEA\IntelliJ IDEA 2021.1.1\lib\idea_rt.jar=54657:E:\IDEA\IntelliJ IDEA 2021.1.1\bin -Dcom.sun.management.jmxremote -Dspring.jmx.enabled=true -Dspring.liveBeansView.mbeanDomain -Dspring.application.admin.enabled=true -Dfile.encoding=UTF-8 com.atxiaohu.vip.SpringBootApplication

Host: Intel(R) Core(TM) i3-6100 CPU @ 3.70GHz, 4 cores, 7G,  Windows 10 , 64 bit Build 19041 (10.0.19041.2788)
Time: Wed May 24 11:02:34 2023  Windows 10 , 64 bit Build 19041 (10.0.19041.2788) elapsed time: 63.938359 seconds (0d 0h 1m 3s)

---------------  T H R E A D  ---------------

Current thread (0x0000022bd8231c50):  JavaThread "http-nio-8888-exec-1" daemon [_thread_in_native, id=43976, stack(0x000000475c700000,0x000000475c800000)]

Stack: [0x000000475c700000,0x000000475c800000],  sp=0x000000475c7fc2c0,  free space=1008k
Native frames: (J=compiled Java code, j=interpreted, Vv=VM code, C=native code)
C  [jacob-1.14.3-x64.dll+0x12df1]

Java frames: (J=compiled Java code, j=interpreted, Vv=VM code)
j  com.jacob.com.Variant.getVariantType()S+0
j  com.jacob.com.Variant.getvt()S+8
j  com.jacob.com.Variant.putBoolean(Z)V+1
j  com.jacob.com.VariantUtilities.populateVariant(Lcom/jacob/com/Variant;Ljava/lang/Object;Z)V+155
j  com.jacob.com.Variant.<init>(Ljava/lang/Object;Z)V+16
j  com.jacob.com.Variant.<init>(Ljava/lang/Object;)V+3
j  com.jacob.com.Variant.<init>(Z)V+9
j  com.jacob.com.Variant.<clinit>()V+5
v  ~StubRoutines::call_stub
j  com.atxiaohu.vip.utils.JacobUtil.word2Pdf(Ljava/lang/String;Ljava/lang/String;)Ljava/lang/String;+24
j  com.atxiaohu.vip.controller.FileController.jacobword2pdf()Ljava/lang/String;+4
v  ~StubRoutines::call_stub
J 4091  jdk.internal.reflect.NativeMethodAccessorImpl.invoke0(Ljava/lang/reflect/Method;Ljava/lang/Object;[Ljava/lang/Object;)Ljava/lang/Object; java.base@17.0.7 (0 bytes) @ 0x0000022bc8f2f027 [0x0000022bc8f2efa0+0x0000000000000087]
J 4090 c1 jdk.internal.reflect.NativeMethodAccessorImpl.invoke(Ljava/lang/Object;[Ljava/lang/Object;)Ljava/lang/Object; java.base@17.0.7 (137 bytes) @ 0x0000022bc8f2f814 [0x0000022bc8f2f500+0x0000000000000314]
J 3782 c1 jdk.internal.reflect.DelegatingMethodAccessorImpl.invoke(Ljava/lang/Object;[Ljava/lang/Object;)Ljava/lang/Object; java.base@17.0.7 (10 bytes) @ 0x0000022bc8ea7b64 [0x0000022bc8ea7b20+0x0000000000000044]
J 3793 c1 java.lang.reflect.Method.invoke(Ljava/lang/Object;[Ljava/lang/Object;)Ljava/lang/Object; java.base@17.0.7 (65 bytes) @ 0x0000022bc8eac4e4 [0x0000022bc8eac3e0+0x0000000000000104]
j  org.springframework.web.method.support.InvocableHandlerMethod.doInvoke([Ljava/lang/Object;)Ljava/lang/Object;+29
j  org.springframework.web.method.support.InvocableHandlerMethod.invokeForRequest(Lorg/springframework/web/context/request/NativeWebRequest;Lorg/springframework/web/method/support/ModelAndViewContainer;[Ljava/lang/Object;)Ljava/lang/Object;+41
j  org.springframework.web.servlet.mvc.method.annotation.ServletInvocableHandlerMethod.invokeAndHandle(Lorg/springframework/web/context/request/ServletWebRequest;Lorg/springframework/web/method/support/ModelAndViewContainer;[Ljava/lang/Object;)V+4
j  org.springframework.web.servlet.mvc.method.annotation.RequestMappingHandlerAdapter.invokeHandlerMethod(Ljakarta/servlet/http/HttpServletRequest;Ljakarta/servlet/http/HttpServletResponse;Lorg/springframework/web/method/HandlerMethod;)Lorg/springframework/web/servlet/ModelAndView;+244
j  org.springframework.web.servlet.mvc.method.annotation.RequestMappingHandlerAdapter.handleInternal(Ljakarta/servlet/http/HttpServletRequest;Ljakarta/servlet/http/HttpServletResponse;Lorg/springframework/web/method/HandlerMethod;)Lorg/springframework/web/servlet/ModelAndView;+81
j  org.springframework.web.servlet.mvc.method.AbstractHandlerMethodAdapter.handle(Ljakarta/servlet/http/HttpServletRequest;Ljakarta/servlet/http/HttpServletResponse;Ljava/lang/Object;)Lorg/springframework/web/servlet/ModelAndView;+7
j  org.springframework.web.servlet.DispatcherServlet.doDispatch(Ljakarta/servlet/http/HttpServletRequest;Ljakarta/servlet/http/HttpServletResponse;)V+259
j  org.springframework.web.servlet.DispatcherServlet.doService(Ljakarta/servlet/http/HttpServletRequest;Ljakarta/servlet/http/HttpServletResponse;)V+242
j  org.springframework.web.servlet.FrameworkServlet.processRequest(Ljakarta/servlet/http/HttpServletRequest;Ljakarta/servlet/http/HttpServletResponse;)V+70
j  org.springframework.web.servlet.FrameworkServlet.doGet(Ljakarta/servlet/http/HttpServletRequest;Ljakarta/servlet/http/HttpServletResponse;)V+3
j  jakarta.servlet.http.HttpServlet.service(Ljakarta/servlet/http/HttpServletRequest;Ljakarta/servlet/http/HttpServletResponse;)V+35
j  org.springframework.web.servlet.FrameworkServlet.service(Ljakarta/servlet/http/HttpServletRequest;Ljakarta/servlet/http/HttpServletResponse;)V+20
j  jakarta.servlet.http.HttpServlet.service(Ljakarta/servlet/ServletRequest;Ljakarta/servlet/ServletResponse;)V+36
j  org.apache.catalina.core.ApplicationFilterChain.internalDoFilter(Ljakarta/servlet/ServletRequest;Ljakarta/servlet/ServletResponse;)V+305
j  org.apache.catalina.core.ApplicationFilterChain.doFilter(Ljakarta/servlet/ServletRequest;Ljakarta/servlet/ServletResponse;)V+99
j  org.apache.tomcat.websocket.server.WsFilter.doFilter(Ljakarta/servlet/ServletRequest;Ljakarta/servlet/ServletResponse;Ljakarta/servlet/FilterChain;)V+21
j  org.apache.catalina.core.ApplicationFilterChain.internalDoFilter(Ljakarta/servlet/ServletRequest;Ljakarta/servlet/ServletResponse;)V+135
j  org.apache.catalina.core.ApplicationFilterChain.doFilter(Ljakarta/servlet/ServletRequest;Ljakarta/servlet/ServletResponse;)V+99
j  org.springframework.web.filter.RequestContextFilter.doFilterInternal(Ljakarta/servlet/http/HttpServletRequest;Ljakarta/servlet/http/HttpServletResponse;Ljakarta/servlet/FilterChain;)V+21
j  org.springframework.web.filter.OncePerRequestFilter.doFilter(Ljakarta/servlet/ServletRequest;Ljakarta/servlet/ServletResponse;Ljakarta/servlet/FilterChain;)V+150
j  org.apache.catalina.core.ApplicationFilterChain.internalDoFilter(Ljakarta/servlet/ServletRequest;Ljakarta/servlet/ServletResponse;)V+135
j  org.apache.catalina.core.ApplicationFilterChain.doFilter(Ljakarta/servlet/ServletRequest;Ljakarta/servlet/ServletResponse;)V+99
j  org.springframework.web.filter.FormContentFilter.doFilterInternal(Ljakarta/servlet/http/HttpServletRequest;Ljakarta/servlet/http/HttpServletResponse;Ljakarta/servlet/FilterChain;)V+38
j  org.springframework.web.filter.OncePerRequestFilter.doFilter(Ljakarta/servlet/ServletRequest;Ljakarta/servlet/ServletResponse;Ljakarta/servlet/FilterChain;)V+150
j  org.apache.catalina.core.ApplicationFilterChain.internalDoFilter(Ljakarta/servlet/ServletRequest;Ljakarta/servlet/ServletResponse;)V+135
j  org.apache.catalina.core.ApplicationFilterChain.doFilter(Ljakarta/servlet/ServletRequest;Ljakarta/servlet/ServletResponse;)V+99
j  org.springframework.web.filter.ServerHttpObservationFilter.doFilterInternal(Ljakarta/servlet/http/HttpServletRequest;Ljakarta/servlet/http/HttpServletResponse;Ljakarta/servlet/FilterChain;)V+20
j  org.springframework.web.filter.OncePerRequestFilter.doFilter(Ljakarta/servlet/ServletRequest;Ljakarta/servlet/ServletResponse;Ljakarta/servlet/FilterChain;)V+150
j  org.apache.catalina.core.ApplicationFilterChain.internalDoFilter(Ljakarta/servlet/ServletRequest;Ljakarta/servlet/ServletResponse;)V+135
j  org.apache.catalina.core.ApplicationFilterChain.doFilter(Ljakarta/servlet/ServletRequest;Ljakarta/servlet/ServletResponse;)V+99
j  org.springframework.web.filter.CharacterEncodingFilter.doFilterInternal(Ljakarta/servlet/http/HttpServletRequest;Ljakarta/servlet/http/HttpServletResponse;Ljakarta/servlet/FilterChain;)V+53
j  org.springframework.web.filter.OncePerRequestFilter.doFilter(Ljakarta/servlet/ServletRequest;Ljakarta/servlet/ServletResponse;Ljakarta/servlet/FilterChain;)V+150
j  org.apache.catalina.core.ApplicationFilterChain.internalDoFilter(Ljakarta/servlet/ServletRequest;Ljakarta/servlet/ServletResponse;)V+135
j  org.apache.catalina.core.ApplicationFilterChain.doFilter(Ljakarta/servlet/ServletRequest;Ljakarta/servlet/ServletResponse;)V+99
j  org.apache.catalina.core.StandardWrapperValve.invoke(Lorg/apache/catalina/connector/Request;Lorg/apache/catalina/connector/Response;)V+514
j  org.apache.catalina.core.StandardContextValve.invoke(Lorg/apache/catalina/connector/Request;Lorg/apache/catalina/connector/Response;)V+169
j  org.apache.catalina.authenticator.AuthenticatorBase.invoke(Lorg/apache/catalina/connector/Request;Lorg/apache/catalina/connector/Response;)V+218
j  org.apache.catalina.core.StandardHostValve.invoke(Lorg/apache/catalina/connector/Request;Lorg/apache/catalina/connector/Response;)V+131
j  org.apache.catalina.valves.ErrorReportValve.invoke(Lorg/apache/catalina/connector/Request;Lorg/apache/catalina/connector/Response;)V+6
j  org.apache.catalina.core.StandardEngineValve.invoke(Lorg/apache/catalina/connector/Request;Lorg/apache/catalina/connector/Response;)V+59
j  org.apache.catalina.connector.CoyoteAdapter.service(Lorg/apache/coyote/Request;Lorg/apache/coyote/Response;)V+203
j  org.apache.coyote.http11.Http11Processor.service(Lorg/apache/tomcat/util/net/SocketWrapperBase;)Lorg/apache/tomcat/util/net/AbstractEndpoint$Handler$SocketState;+785
j  org.apache.coyote.AbstractProcessorLight.process(Lorg/apache/tomcat/util/net/SocketWrapperBase;Lorg/apache/tomcat/util/net/SocketEvent;)Lorg/apache/tomcat/util/net/AbstractEndpoint$Handler$SocketState;+152
j  org.apache.coyote.AbstractProtocol$ConnectionHandler.process(Lorg/apache/tomcat/util/net/SocketWrapperBase;Lorg/apache/tomcat/util/net/SocketEvent;)Lorg/apache/tomcat/util/net/AbstractEndpoint$Handler$SocketState;+482
j  org.apache.tomcat.util.net.NioEndpoint$SocketProcessor.doRun()V+249
j  org.apache.tomcat.util.net.SocketProcessorBase.run()V+32
j  org.apache.tomcat.util.threads.ThreadPoolExecutor.runWorker(Lorg/apache/tomcat/util/threads/ThreadPoolExecutor$Worker;)V+92
j  org.apache.tomcat.util.threads.ThreadPoolExecutor$Worker.run()V+5
j  org.apache.tomcat.util.threads.TaskThread$WrappingRunnable.run()V+4
j  java.lang.Thread.run()V+11 java.base@17.0.7
v  ~StubRoutines::call_stub

siginfo: EXCEPTION_ACCESS_VIOLATION (0xc0000005), reading address 0xffffffffd2d165a0


Register to memory mapping:

RIP=0x0000000180012df1 jacob-1.14.3-x64.dll
RAX=0x00000000d2d165a0 is an unallocated location in the heap
RBX=0x000000475c7fc380 is pointing into the stack for thread: 0x0000022bd8231c50
RCX=0xffffffffd2d165a0 is an unknown value
RDX=0x000000475c7fc380 is pointing into the stack for thread: 0x0000022bd8231c50
RSP=0x000000475c7fc2c0 is pointing into the stack for thread: 0x0000022bd8231c50
RBP=0x000000475c7fc360 is pointing into the stack for thread: 0x0000022bd8231c50
RSI=0x000000000000000c is an unknown value
RDI=0x0000022bd8231ef8 points into unknown readable memory: 0x00007ffde74a72c0 | c0 72 4a e7 fd 7f 00 00
R8 =0x0000000000000032 is an unknown value
R9 =0x0000000087157cc8 is an oop: com.jacob.com.Variant 
{0x0000000087157cc8} - klass: 'com/jacob/com/Variant'
 - ---- fields (total size 2 words):
 - 'm_pVariant' 'I' @12  -758028896 (d2d165a0)
R10=0x00007ffde752b940 jvm.dll
R11=0x0000000000000028 is an unknown value
R12=0x0 is NULL
R13={method} {0x0000022bd4f8cbf8} 'getVariantType' '()S' in 'com/jacob/com/Variant'
R14=0x000000475c7fc380 is pointing into the stack for thread: 0x0000022bd8231c50
R15=0x0000022bd8231c50 is a thread


Registers:
RAX=0x00000000d2d165a0, RBX=0x000000475c7fc380, RCX=0xffffffffd2d165a0, RDX=0x000000475c7fc380
RSP=0x000000475c7fc2c0, RBP=0x000000475c7fc360, RSI=0x000000000000000c, RDI=0x0000022bd8231ef8
R8 =0x0000000000000032, R9 =0x0000000087157cc8, R10=0x00007ffde752b940, R11=0x0000000000000028
R12=0x0000000000000000, R13=0x0000022bd4f8cbf0, R14=0x000000475c7fc380, R15=0x0000022bd8231c50
RIP=0x0000000180012df1, EFLAGS=0x0000000000010286

Top of Stack: (sp=0x000000475c7fc2c0)
0x000000475c7fc2c0:   000000475c7fc380 0000022bd8231ef8
0x000000475c7fc2d0:   000000000000000c 0000022bd8231ef8
0x000000475c7fc2e0:   0000022bc86993d6 0000022bc869d0a8
0x000000475c7fc2f0:   0000022bd4f8cbf0 000000000000000c
0x000000475c7fc300:   000000000000000c 00007ffde6fd34a9
0x000000475c7fc310:   0000022bc869cd7d 000000475c7fc318
0x000000475c7fc320:   0000022bd4f8cbf0 000000475c7fc380
0x000000475c7fc330:   0000022bd4f923a0 0000000000000000
0x000000475c7fc340:   0000000087157778 0000022bd4f8cbf0
0x000000475c7fc350:   0000000000000000 000000475c7fc380
0x000000475c7fc360:   000000475c7fc3d0 0000022bc86994ea
0x000000475c7fc370:   0000000000000000 0000022bc869ac12
0x000000475c7fc380:   0000000087157cc8 000000475c7fc388
0x000000475c7fc390:   0000022bd4f8cd28 000000475c7fc3e0
0x000000475c7fc3a0:   0000022bd4f923a0 0000000000000000
0x000000475c7fc3b0:   0000000087157778 0000022bd4f8cd50 

Instructions: (pc=0x0000000180012df1)
0x0000000180012cf1:   00 85 c0 48 63 d8 74 13 48 8b cb ff 15 2e 25 00
0x0000000180012d01:   00 66 c7 03 04 00 f3 0f 11 73 08 48 8b 5c 24 40
0x0000000180012d11:   0f 28 74 24 20 48 83 c4 30 5f c3 cc cc cc cc 48
0x0000000180012d21:   89 5c 24 08 48 89 74 24 10 57 48 83 ec 20 48 8b
0x0000000180012d31:   01 41 0f b7 f0 48 8b da 48 8b f9 ff 90 f8 00 00
0x0000000180012d41:   00 4c 8b 17 4c 8d 0d 48 27 00 00 4c 8d 05 bd 33
0x0000000180012d51:   00 00 48 8b cf 48 8b d0 41 ff 92 f0 02 00 00 4c
0x0000000180012d61:   8b 0f 48 8b d3 4c 8b c0 48 8b cf 41 ff 91 20 03
0x0000000180012d71:   00 00 85 c0 48 63 c8 74 10 44 0f b7 ce 45 33 c0
0x0000000180012d81:   48 8b d1 ff 15 46 25 00 00 48 8b 5c 24 30 48 8b
0x0000000180012d91:   74 24 38 48 83 c4 20 5f c3 cc cc cc cc cc cc 48
0x0000000180012da1:   89 5c 24 08 57 48 83 ec 20 48 8b 01 48 8b da 48
0x0000000180012db1:   8b f9 ff 90 f8 00 00 00 4c 8b 17 4c 8d 0d d1 26
0x0000000180012dc1:   00 00 4c 8d 05 46 33 00 00 48 8b d0 48 8b cf 41
0x0000000180012dd1:   ff 92 f0 02 00 00 4c 8b 0f 48 8b d3 4c 8b c0 48
0x0000000180012de1:   8b cf 41 ff 91 20 03 00 00 85 c0 48 63 c8 74 0e
0x0000000180012df1:   66 8b 01 48 8b 5c 24 30 48 83 c4 20 5f c3 66 33
0x0000000180012e01:   c0 48 8b 5c 24 30 48 83 c4 20 5f c3 cc cc cc 48
0x0000000180012e11:   89 5c 24 08 57 48 83 ec 20 48 8b 01 48 8b da 48
0x0000000180012e21:   8b f9 ff 90 f8 00 00 00 4c 8b 17 4c 8d 0d 61 26
0x0000000180012e31:   00 00 4c 8d 05 d6 32 00 00 48 8b d0 48 8b cf 41
0x0000000180012e41:   ff 92 f0 02 00 00 4c 8b 0f 48 8b d3 4c 8b c0 48
0x0000000180012e51:   8b cf 41 ff 91 20 03 00 00 85 c0 48 63 c8 74 11
0x0000000180012e61:   0f b7 01 66 0f ba e0 0d 73 14 48 83 79 08 00 75
0x0000000180012e71:   0d b0 01 48 8b 5c 24 30 48 83 c4 20 5f c3 0f b7
0x0000000180012e81:   c0 85 c0 78 16 83 f8 01 7e e7 83 f8 09 74 05 83
0x0000000180012e91:   f8 0a eb 05 48 83 79 08 00 74 d6 32 c0 48 8b 5c
0x0000000180012ea1:   24 30 48 83 c4 20 5f c3 cc cc cc cc cc cc cc 48
0x0000000180012eb1:   89 5c 24 08 48 89 6c 24 10 48 89 74 24 18 57 48
0x0000000180012ec1:   83 ec 20 48 8b 01 48 8b fa 49 8b d0 49 8b d8 48
0x0000000180012ed1:   8b f1 ff 90 f8 00 00 00 4c 8b 16 4c 8d 0d b1 25
0x0000000180012ee1:   00 00 4c 8d 05 26 32 00 00 48 8b d0 48 8b ce 41 


Stack slot to memory mapping:
stack at sp + 0 slots: 0x000000475c7fc380 is pointing into the stack for thread: 0x0000022bd8231c50
stack at sp + 1 slots: 0x0000022bd8231ef8 points into unknown readable memory: 0x00007ffde74a72c0 | c0 72 4a e7 fd 7f 00 00
stack at sp + 2 slots: 0x000000000000000c is an unknown value
stack at sp + 3 slots: 0x0000022bd8231ef8 points into unknown readable memory: 0x00007ffde74a72c0 | c0 72 4a e7 fd 7f 00 00
stack at sp + 4 slots: 0x0000022bc86993d6 is at code_begin+822 in an Interpreter codelet
return entry points  [0x0000022bc86990a0, 0x0000022bc86998c0]  2080 bytes
stack at sp + 5 slots: 0x0000022bc869d0a8 is at code_begin+936 in an Interpreter codelet
method entry point (kind = native)  [0x0000022bc869cd00, 0x0000022bc869d660]  2400 bytes
stack at sp + 6 slots: {method} {0x0000022bd4f8cbf8} 'getVariantType' '()S' in 'com/jacob/com/Variant'
stack at sp + 7 slots: 0x000000000000000c is an unknown value


---------------  P R O C E S S  ---------------

Threads class SMR info:
_java_thread_list=0x0000022bd72378c0, length=33, elements={
0x0000022bd262ed00, 0x0000022bd262fa80, 0x0000022bd2649d80, 0x0000022bd264a740,
0x0000022bd264d010, 0x0000022bd264e8e0, 0x0000022bd264f1a0, 0x0000022bd264faa0,
0x0000022bc05495e0, 0x0000022bd71c26b0, 0x0000022bd71c4580, 0x0000022bd734ad50,
0x0000022bd7736090, 0x0000022bd76dddc0, 0x0000022bd7f6c040, 0x0000022bd7f6c510,
0x0000022bd7fb9930, 0x0000022bd7f96060, 0x0000022bd8231c50, 0x0000022bd8232120,
0x0000022bd8235140, 0x0000022bd8235fb0, 0x0000022bd8234c70, 0x0000022bd82342d0,
0x0000022bd8236480, 0x0000022bd8232f90, 0x0000022bd8232ac0, 0x0000022bd8233e00,
0x0000022bd8233460, 0x0000022bd8233930, 0x0000022bd82347a0, 0x0000022bd829acd0,
0x0000022bd829eb60
}

Java Threads: ( => current thread )
  0x0000022bd262ed00 JavaThread "Reference Handler" daemon [_thread_blocked, id=22280, stack(0x000000475ae00000,0x000000475af00000)]
  0x0000022bd262fa80 JavaThread "Finalizer" daemon [_thread_blocked, id=51752, stack(0x000000475af00000,0x000000475b000000)]
  0x0000022bd2649d80 JavaThread "Signal Dispatcher" daemon [_thread_blocked, id=51208, stack(0x000000475b000000,0x000000475b100000)]
  0x0000022bd264a740 JavaThread "Attach Listener" daemon [_thread_blocked, id=51348, stack(0x000000475b100000,0x000000475b200000)]
  0x0000022bd264d010 JavaThread "Service Thread" daemon [_thread_blocked, id=52244, stack(0x000000475b200000,0x000000475b300000)]
  0x0000022bd264e8e0 JavaThread "Monitor Deflation Thread" daemon [_thread_blocked, id=52328, stack(0x000000475b300000,0x000000475b400000)]
  0x0000022bd264f1a0 JavaThread "C1 CompilerThread0" daemon [_thread_blocked, id=51484, stack(0x000000475b400000,0x000000475b500000)]
  0x0000022bd264faa0 JavaThread "Sweeper thread" daemon [_thread_blocked, id=50876, stack(0x000000475b500000,0x000000475b600000)]
  0x0000022bc05495e0 JavaThread "Common-Cleaner" daemon [_thread_blocked, id=53100, stack(0x000000475b600000,0x000000475b700000)]
  0x0000022bd71c26b0 JavaThread "Monitor Ctrl-Break" daemon [_thread_in_native, id=39256, stack(0x000000475bb00000,0x000000475bc00000)]
  0x0000022bd71c4580 JavaThread "Notification Thread" daemon [_thread_blocked, id=50412, stack(0x000000475bc00000,0x000000475bd00000)]
  0x0000022bd734ad50 JavaThread "RMI TCP Accept-0" daemon [_thread_in_native, id=47576, stack(0x000000475bd00000,0x000000475be00000)]
  0x0000022bd7736090 JavaThread "RMI TCP Connection(idle)" daemon [_thread_blocked, id=52332, stack(0x000000475c000000,0x000000475c100000)]
  0x0000022bd76dddc0 JavaThread "RMI Scheduler(0)" daemon [_thread_blocked, id=45804, stack(0x000000475c100000,0x000000475c200000)]
  0x0000022bd7f6c040 JavaThread "Catalina-utility-1" [_thread_blocked, id=47024, stack(0x000000475c300000,0x000000475c400000)]
  0x0000022bd7f6c510 JavaThread "Catalina-utility-2" [_thread_blocked, id=51532, stack(0x000000475c400000,0x000000475c500000)]
  0x0000022bd7fb9930 JavaThread "container-0" [_thread_blocked, id=53072, stack(0x000000475c500000,0x000000475c600000)]
  0x0000022bd7f96060 JavaThread "mysql-cj-abandoned-connection-cleanup" daemon [_thread_blocked, id=37440, stack(0x000000475c600000,0x000000475c700000)]
=>0x0000022bd8231c50 JavaThread "http-nio-8888-exec-1" daemon [_thread_in_native, id=43976, stack(0x000000475c700000,0x000000475c800000)]
  0x0000022bd8232120 JavaThread "http-nio-8888-exec-2" daemon [_thread_blocked, id=35472, stack(0x000000475c800000,0x000000475c900000)]
  0x0000022bd8235140 JavaThread "http-nio-8888-exec-3" daemon [_thread_blocked, id=51584, stack(0x000000475c900000,0x000000475ca00000)]
  0x0000022bd8235fb0 JavaThread "http-nio-8888-exec-4" daemon [_thread_blocked, id=41832, stack(0x000000475ca00000,0x000000475cb00000)]
  0x0000022bd8234c70 JavaThread "http-nio-8888-exec-5" daemon [_thread_blocked, id=48660, stack(0x000000475cb00000,0x000000475cc00000)]
  0x0000022bd82342d0 JavaThread "http-nio-8888-exec-6" daemon [_thread_blocked, id=51768, stack(0x000000475cc00000,0x000000475cd00000)]
  0x0000022bd8236480 JavaThread "http-nio-8888-exec-7" daemon [_thread_blocked, id=45328, stack(0x000000475cd00000,0x000000475ce00000)]
  0x0000022bd8232f90 JavaThread "http-nio-8888-exec-8" daemon [_thread_blocked, id=31796, stack(0x000000475ce00000,0x000000475cf00000)]
  0x0000022bd8232ac0 JavaThread "http-nio-8888-exec-9" daemon [_thread_blocked, id=51364, stack(0x000000475cf00000,0x000000475d000000)]
  0x0000022bd8233e00 JavaThread "http-nio-8888-exec-10" daemon [_thread_blocked, id=52008, stack(0x000000475d000000,0x000000475d100000)]
  0x0000022bd8233460 JavaThread "http-nio-8888-Poller" daemon [_thread_in_native, id=39404, stack(0x000000475d100000,0x000000475d200000)]
  0x0000022bd8233930 JavaThread "http-nio-8888-Acceptor" daemon [_thread_in_native, id=50820, stack(0x000000475d200000,0x000000475d300000)]
  0x0000022bd82347a0 JavaThread "DestroyJavaVM" [_thread_blocked, id=23356, stack(0x000000475a800000,0x000000475a900000)]
  0x0000022bd829acd0 JavaThread "RMI TCP Connection(idle)" daemon [_thread_blocked, id=50440, stack(0x000000475d300000,0x000000475d400000)]
  0x0000022bd829eb60 JavaThread "Thread-2" daemon [_thread_in_native, id=51328, stack(0x000000475c200000,0x000000475c300000)]

Other Threads:
  0x0000022bd262a9c0 VMThread "VM Thread" [stack: 0x000000475ad00000,0x000000475ae00000] [id=44156]
  0x0000022bd7337290 WatcherThread [stack: 0x000000475be00000,0x000000475bf00000] [id=51248]
  0x0000022bc0c39ff0 GCTaskThread "GC Thread#0" [stack: 0x000000475a700000,0x000000475a800000] [id=52084]
  0x0000022bd71c0630 GCTaskThread "GC Thread#1" [stack: 0x000000475b900000,0x000000475ba00000] [id=52936]
  0x0000022bd71c08e0 GCTaskThread "GC Thread#2" [stack: 0x000000475ba00000,0x000000475bb00000] [id=53084]
  0x0000022bd7401500 GCTaskThread "GC Thread#3" [stack: 0x000000475bf00000,0x000000475c000000] [id=48280]
  0x0000022bc0c4aa40 ConcurrentGCThread "G1 Main Marker" [stack: 0x000000475a900000,0x000000475aa00000] [id=47376]
  0x0000022bc0c4b260 ConcurrentGCThread "G1 Conc#0" [stack: 0x000000475aa00000,0x000000475ab00000] [id=52180]
  0x0000022bc040b9c0 ConcurrentGCThread "G1 Refine#0" [stack: 0x000000475ab00000,0x000000475ac00000] [id=53064]
  0x0000022bd26b1070 ConcurrentGCThread "G1 Refine#1" [stack: 0x000000475d500000,0x000000475d600000] [id=50108]
  0x0000022bc040c1f0 ConcurrentGCThread "G1 Service" [stack: 0x000000475ac00000,0x000000475ad00000] [id=51336]

Threads with active compile tasks:

VM state: not at safepoint (normal execution)

VM Mutex/Monitor currently owned by a thread: None

Heap address: 0x0000000081800000, size: 2024 MB, Compressed Oops mode: 32-bit

CDS archive(s) mapped at: [0x0000000800000000-0x0000000800bc0000-0x0000000800bc0000), size 12320768, SharedBaseAddress: 0x0000000800000000, ArchiveRelocationMode: 0.
Compressed class space mapped at: 0x0000000801000000-0x0000000841000000, reserved size: 1073741824
Narrow klass base: 0x0000000800000000, Narrow klass shift: 0, Narrow klass range: 0x100000000

GC Precious Log:
 CPUs: 4 total, 4 available
 Memory: 8094M
 Large Page Support: Disabled
 NUMA Support: Disabled
 Compressed Oops: Enabled (32-bit)
 Heap Region Size: 1M
 Heap Min Capacity: 8M
 Heap Initial Capacity: 128M
 Heap Max Capacity: 2024M
 Pre-touch: Disabled
 Parallel Workers: 4
 Concurrent Workers: 1
 Concurrent Refinement Workers: 4
 Periodic GC: Disabled

Heap:
 garbage-first heap   total 99328K, used 40833K [0x0000000081800000, 0x0000000100000000)
  region size 1024K, 8 young (8192K), 1 survivors (1024K)
 Metaspace       used 36948K, committed 37504K, reserved 1114112K
  class space    used 5004K, committed 5248K, reserved 1048576K

Heap Regions: E=young(eden), S=young(survivor), O=old, HS=humongous(starts), HC=humongous(continues), CS=collection set, F=free, OA=open archive, CA=closed archive, TAMS=top-at-mark-start (previous, next)
|   0|0x0000000081800000, 0x0000000081900000, 0x0000000081900000|100%|HS|  |TAMS 0x0000000081900000, 0x0000000081800000| Complete 
|   1|0x0000000081900000, 0x0000000081a00000, 0x0000000081a00000|100%|HS|  |TAMS 0x0000000081a00000, 0x0000000081900000| Complete 
|   2|0x0000000081a00000, 0x0000000081b00000, 0x0000000081b00000|100%| O|  |TAMS 0x0000000081b00000, 0x0000000081a00000| Untracked 
|   3|0x0000000081b00000, 0x0000000081c00000, 0x0000000081c00000|100%| O|  |TAMS 0x0000000081c00000, 0x0000000081b00000| Untracked 
|   4|0x0000000081c00000, 0x0000000081d00000, 0x0000000081d00000|100%|HS|  |TAMS 0x0000000081d00000, 0x0000000081c00000| Complete 
|   5|0x0000000081d00000, 0x0000000081e00000, 0x0000000081e00000|100%|HC|  |TAMS 0x0000000081e00000, 0x0000000081d00000| Complete 
|   6|0x0000000081e00000, 0x0000000081f00000, 0x0000000081f00000|100%|HC|  |TAMS 0x0000000081f00000, 0x0000000081e00000| Complete 
|   7|0x0000000081f00000, 0x0000000082000000, 0x0000000082000000|100%|HC|  |TAMS 0x0000000082000000, 0x0000000081f00000| Complete 
|   8|0x0000000082000000, 0x0000000082100000, 0x0000000082100000|100%|HC|  |TAMS 0x0000000082100000, 0x0000000082000000| Complete 
|   9|0x0000000082100000, 0x0000000082200000, 0x0000000082200000|100%|HS|  |TAMS 0x0000000082200000, 0x0000000082100000| Complete 
|  10|0x0000000082200000, 0x0000000082300000, 0x0000000082300000|100%| O|  |TAMS 0x0000000082300000, 0x0000000082200000| Untracked 
|  11|0x0000000082300000, 0x0000000082400000, 0x0000000082400000|100%| O|  |TAMS 0x0000000082400000, 0x0000000082300000| Untracked 
|  12|0x0000000082400000, 0x0000000082500000, 0x0000000082500000|100%| O|  |TAMS 0x0000000082500000, 0x0000000082400000| Untracked 
|  13|0x0000000082500000, 0x0000000082600000, 0x0000000082600000|100%| O|  |TAMS 0x0000000082600000, 0x0000000082500000| Untracked 
|  14|0x0000000082600000, 0x0000000082700000, 0x0000000082700000|100%| O|  |TAMS 0x0000000082700000, 0x0000000082600000| Untracked 
|  15|0x0000000082700000, 0x0000000082800000, 0x0000000082800000|100%| O|  |TAMS 0x0000000082800000, 0x0000000082700000| Untracked 
|  16|0x0000000082800000, 0x0000000082900000, 0x0000000082900000|100%| O|  |TAMS 0x0000000082900000, 0x0000000082800000| Untracked 
|  17|0x0000000082900000, 0x0000000082a00000, 0x0000000082a00000|100%| O|  |TAMS 0x0000000082a00000, 0x0000000082900000| Untracked 
|  18|0x0000000082a00000, 0x0000000082b00000, 0x0000000082b00000|100%| O|  |TAMS 0x0000000082b00000, 0x0000000082a00000| Untracked 
|  19|0x0000000082b00000, 0x0000000082c00000, 0x0000000082c00000|100%| O|  |TAMS 0x0000000082c00000, 0x0000000082b00000| Untracked 
|  20|0x0000000082c00000, 0x0000000082c28e00, 0x0000000082d00000| 15%| O|  |TAMS 0x0000000082c28e00, 0x0000000082c00000| Complete 
|  21|0x0000000082d00000, 0x0000000082e00000, 0x0000000082e00000|100%| O|  |TAMS 0x0000000082e00000, 0x0000000082d00000| Untracked 
|  22|0x0000000082e00000, 0x0000000082f00000, 0x0000000082f00000|100%| O|  |TAMS 0x0000000082f00000, 0x0000000082e00000| Untracked 
|  23|0x0000000082f00000, 0x0000000083000000, 0x0000000083000000|100%| O|  |TAMS 0x0000000083000000, 0x0000000082f00000| Untracked 
|  24|0x0000000083000000, 0x0000000083100000, 0x0000000083100000|100%| O|  |TAMS 0x000000008303d400, 0x0000000083000000| Untracked 
|  25|0x0000000083100000, 0x0000000083200000, 0x0000000083200000|100%| O|  |TAMS 0x0000000083100000, 0x0000000083100000| Untracked 
|  26|0x0000000083200000, 0x0000000083300000, 0x0000000083300000|100%| O|  |TAMS 0x0000000083200000, 0x0000000083200000| Untracked 
|  27|0x0000000083300000, 0x0000000083400000, 0x0000000083400000|100%| O|  |TAMS 0x0000000083300000, 0x0000000083300000| Untracked 
|  28|0x0000000083400000, 0x000000008342b400, 0x0000000083500000| 16%| O|  |TAMS 0x0000000083400000, 0x0000000083400000| Untracked 
|  29|0x0000000083500000, 0x0000000083600000, 0x0000000083600000|100%| O|  |TAMS 0x0000000083600000, 0x0000000083500000| Untracked 
|  30|0x0000000083600000, 0x0000000083700000, 0x0000000083700000|100%| O|  |TAMS 0x0000000083700000, 0x0000000083600000| Untracked 
|  31|0x0000000083700000, 0x0000000083800000, 0x0000000083800000|100%| O|  |TAMS 0x0000000083800000, 0x0000000083700000| Untracked 
|  32|0x0000000083800000, 0x0000000083900000, 0x0000000083900000|100%| O|  |TAMS 0x0000000083900000, 0x0000000083800000| Untracked 
|  33|0x0000000083900000, 0x0000000083a00000, 0x0000000083a00000|100%| O|  |TAMS 0x0000000083a00000, 0x0000000083900000| Untracked 
|  34|0x0000000083a00000, 0x0000000083b00000, 0x0000000083b00000|100%| O|  |TAMS 0x0000000083b00000, 0x0000000083a00000| Untracked 
|  35|0x0000000083b00000, 0x0000000083b00000, 0x0000000083c00000|  0%| F|  |TAMS 0x0000000083b00000, 0x0000000083b00000| Untracked 
|  36|0x0000000083c00000, 0x0000000083c00000, 0x0000000083d00000|  0%| F|  |TAMS 0x0000000083c00000, 0x0000000083c00000| Untracked 
|  37|0x0000000083d00000, 0x0000000083d00000, 0x0000000083e00000|  0%| F|  |TAMS 0x0000000083d00000, 0x0000000083d00000| Untracked 
|  38|0x0000000083e00000, 0x0000000083e00000, 0x0000000083f00000|  0%| F|  |TAMS 0x0000000083e00000, 0x0000000083e00000| Untracked 
|  39|0x0000000083f00000, 0x0000000083f00000, 0x0000000084000000|  0%| F|  |TAMS 0x0000000083f00000, 0x0000000083f00000| Untracked 
|  40|0x0000000084000000, 0x0000000084000000, 0x0000000084100000|  0%| F|  |TAMS 0x0000000084000000, 0x0000000084000000| Untracked 
|  41|0x0000000084100000, 0x0000000084100000, 0x0000000084200000|  0%| F|  |TAMS 0x0000000084100000, 0x0000000084100000| Untracked 
|  42|0x0000000084200000, 0x0000000084200000, 0x0000000084300000|  0%| F|  |TAMS 0x0000000084200000, 0x0000000084200000| Untracked 
|  43|0x0000000084300000, 0x0000000084300000, 0x0000000084400000|  0%| F|  |TAMS 0x0000000084300000, 0x0000000084300000| Untracked 
|  44|0x0000000084400000, 0x0000000084400000, 0x0000000084500000|  0%| F|  |TAMS 0x0000000084400000, 0x0000000084400000| Untracked 
|  45|0x0000000084500000, 0x0000000084500000, 0x0000000084600000|  0%| F|  |TAMS 0x0000000084500000, 0x0000000084500000| Untracked 
|  46|0x0000000084600000, 0x0000000084600000, 0x0000000084700000|  0%| F|  |TAMS 0x0000000084600000, 0x0000000084600000| Untracked 
|  47|0x0000000084700000, 0x0000000084700000, 0x0000000084800000|  0%| F|  |TAMS 0x0000000084700000, 0x0000000084700000| Untracked 
|  48|0x0000000084800000, 0x0000000084800000, 0x0000000084900000|  0%| F|  |TAMS 0x0000000084800000, 0x0000000084800000| Untracked 
|  49|0x0000000084900000, 0x0000000084900000, 0x0000000084a00000|  0%| F|  |TAMS 0x0000000084900000, 0x0000000084900000| Untracked 
|  50|0x0000000084a00000, 0x0000000084a00000, 0x0000000084b00000|  0%| F|  |TAMS 0x0000000084a00000, 0x0000000084a00000| Untracked 
|  51|0x0000000084b00000, 0x0000000084b00000, 0x0000000084c00000|  0%| F|  |TAMS 0x0000000084b00000, 0x0000000084b00000| Untracked 
|  52|0x0000000084c00000, 0x0000000084c00000, 0x0000000084d00000|  0%| F|  |TAMS 0x0000000084c00000, 0x0000000084c00000| Untracked 
|  53|0x0000000084d00000, 0x0000000084d00000, 0x0000000084e00000|  0%| F|  |TAMS 0x0000000084d00000, 0x0000000084d00000| Untracked 
|  54|0x0000000084e00000, 0x0000000084e00000, 0x0000000084f00000|  0%| F|  |TAMS 0x0000000084e00000, 0x0000000084e00000| Untracked 
|  55|0x0000000084f00000, 0x0000000084f00000, 0x0000000085000000|  0%| F|  |TAMS 0x0000000084f00000, 0x0000000084f00000| Untracked 
|  56|0x0000000085000000, 0x0000000085000000, 0x0000000085100000|  0%| F|  |TAMS 0x0000000085000000, 0x0000000085000000| Untracked 
|  57|0x0000000085100000, 0x0000000085100000, 0x0000000085200000|  0%| F|  |TAMS 0x0000000085100000, 0x0000000085100000| Untracked 
|  58|0x0000000085200000, 0x0000000085200000, 0x0000000085300000|  0%| F|  |TAMS 0x0000000085200000, 0x0000000085200000| Untracked 
|  59|0x0000000085300000, 0x0000000085300000, 0x0000000085400000|  0%| F|  |TAMS 0x0000000085300000, 0x0000000085300000| Untracked 
|  60|0x0000000085400000, 0x0000000085400000, 0x0000000085500000|  0%| F|  |TAMS 0x0000000085400000, 0x0000000085400000| Untracked 
|  61|0x0000000085500000, 0x0000000085500000, 0x0000000085600000|  0%| F|  |TAMS 0x0000000085500000, 0x0000000085500000| Untracked 
|  62|0x0000000085600000, 0x0000000085600000, 0x0000000085700000|  0%| F|  |TAMS 0x0000000085600000, 0x0000000085600000| Untracked 
|  63|0x0000000085700000, 0x0000000085700000, 0x0000000085800000|  0%| F|  |TAMS 0x0000000085700000, 0x0000000085700000| Untracked 
|  64|0x0000000085800000, 0x0000000085800000, 0x0000000085900000|  0%| F|  |TAMS 0x0000000085800000, 0x0000000085800000| Untracked 
|  65|0x0000000085900000, 0x0000000085900000, 0x0000000085a00000|  0%| F|  |TAMS 0x0000000085900000, 0x0000000085900000| Untracked 
|  66|0x0000000085a00000, 0x0000000085a00000, 0x0000000085b00000|  0%| F|  |TAMS 0x0000000085a00000, 0x0000000085a00000| Untracked 
|  67|0x0000000085b00000, 0x0000000085b00000, 0x0000000085c00000|  0%| F|  |TAMS 0x0000000085b00000, 0x0000000085b00000| Untracked 
|  68|0x0000000085c00000, 0x0000000085c00000, 0x0000000085d00000|  0%| F|  |TAMS 0x0000000085c00000, 0x0000000085c00000| Untracked 
|  69|0x0000000085d00000, 0x0000000085d00000, 0x0000000085e00000|  0%| F|  |TAMS 0x0000000085d00000, 0x0000000085d00000| Untracked 
|  70|0x0000000085e00000, 0x0000000085e00000, 0x0000000085f00000|  0%| F|  |TAMS 0x0000000085e00000, 0x0000000085e00000| Untracked 
|  71|0x0000000085f00000, 0x0000000085f00000, 0x0000000086000000|  0%| F|  |TAMS 0x0000000085f00000, 0x0000000085f00000| Untracked 
|  72|0x0000000086000000, 0x0000000086000000, 0x0000000086100000|  0%| F|  |TAMS 0x0000000086000000, 0x0000000086000000| Untracked 
|  73|0x0000000086100000, 0x0000000086100000, 0x0000000086200000|  0%| F|  |TAMS 0x0000000086100000, 0x0000000086100000| Untracked 
|  74|0x0000000086200000, 0x0000000086200000, 0x0000000086300000|  0%| F|  |TAMS 0x0000000086200000, 0x0000000086200000| Untracked 
|  75|0x0000000086300000, 0x0000000086300000, 0x0000000086400000|  0%| F|  |TAMS 0x0000000086300000, 0x0000000086300000| Untracked 
|  76|0x0000000086400000, 0x0000000086400000, 0x0000000086500000|  0%| F|  |TAMS 0x0000000086400000, 0x0000000086400000| Untracked 
|  77|0x0000000086500000, 0x0000000086500000, 0x0000000086600000|  0%| F|  |TAMS 0x0000000086500000, 0x0000000086500000| Untracked 
|  78|0x0000000086600000, 0x0000000086600000, 0x0000000086700000|  0%| F|  |TAMS 0x0000000086600000, 0x0000000086600000| Untracked 
|  79|0x0000000086700000, 0x0000000086700000, 0x0000000086800000|  0%| F|  |TAMS 0x0000000086700000, 0x0000000086700000| Untracked 
|  80|0x0000000086800000, 0x0000000086800000, 0x0000000086900000|  0%| F|  |TAMS 0x0000000086800000, 0x0000000086800000| Untracked 
|  81|0x0000000086900000, 0x0000000086900000, 0x0000000086a00000|  0%| F|  |TAMS 0x0000000086900000, 0x0000000086900000| Untracked 
|  82|0x0000000086a00000, 0x0000000086a00000, 0x0000000086b00000|  0%| F|  |TAMS 0x0000000086a00000, 0x0000000086a00000| Untracked 
|  83|0x0000000086b00000, 0x0000000086b00000, 0x0000000086c00000|  0%| F|  |TAMS 0x0000000086b00000, 0x0000000086b00000| Untracked 
|  84|0x0000000086c00000, 0x0000000086c00000, 0x0000000086d00000|  0%| F|  |TAMS 0x0000000086c00000, 0x0000000086c00000| Untracked 
|  85|0x0000000086d00000, 0x0000000086d00000, 0x0000000086e00000|  0%| F|  |TAMS 0x0000000086d00000, 0x0000000086d00000| Untracked 
|  86|0x0000000086e00000, 0x0000000086e00000, 0x0000000086f00000|  0%| F|  |TAMS 0x0000000086e00000, 0x0000000086e00000| Untracked 
|  87|0x0000000086f00000, 0x0000000086f00000, 0x0000000087000000|  0%| F|  |TAMS 0x0000000086f00000, 0x0000000086f00000| Untracked 
|  88|0x0000000087000000, 0x0000000087000000, 0x0000000087100000|  0%| F|  |TAMS 0x0000000087000000, 0x0000000087000000| Untracked 
|  89|0x0000000087100000, 0x000000008719c528, 0x0000000087200000| 61%| E|  |TAMS 0x0000000087100000, 0x0000000087100000| Complete 
|  90|0x0000000087200000, 0x0000000087300000, 0x0000000087300000|100%| E|CS|TAMS 0x0000000087200000, 0x0000000087200000| Complete 
|  91|0x0000000087300000, 0x000000008738c298, 0x0000000087400000| 54%| S|CS|TAMS 0x0000000087300000, 0x0000000087300000| Complete 
|  92|0x0000000087400000, 0x0000000087500000, 0x0000000087500000|100%| E|CS|TAMS 0x0000000087400000, 0x0000000087400000| Complete 
|  93|0x0000000087500000, 0x0000000087600000, 0x0000000087600000|100%| E|CS|TAMS 0x0000000087500000, 0x0000000087500000| Complete 
|  94|0x0000000087600000, 0x0000000087700000, 0x0000000087700000|100%| E|CS|TAMS 0x0000000087600000, 0x0000000087600000| Complete 
|  95|0x0000000087700000, 0x0000000087800000, 0x0000000087800000|100%| E|CS|TAMS 0x0000000087700000, 0x0000000087700000| Complete 
| 127|0x0000000089700000, 0x0000000089800000, 0x0000000089800000|100%| E|CS|TAMS 0x0000000089700000, 0x0000000089700000| Complete 

Card table byte_map: [0x0000022bcba90000,0x0000022bcbe90000] _byte_map_base: 0x0000022bcb684000

Marking Bits (Prev, Next): (CMBitMap*) 0x0000022bc0c3a410, (CMBitMap*) 0x0000022bc0c3a450
 Prev Bits: [0x0000022bcc290000, 0x0000022bce230000)
 Next Bits: [0x0000022bce230000, 0x0000022bd01d0000)

Polling page: 0x0000022bbe610000

Metaspace:

Usage:
  Non-class:     31.20 MB used.
      Class:      4.89 MB used.
       Both:     36.08 MB used.

Virtual space:
  Non-class space:       64.00 MB reserved,      31.50 MB ( 49%) committed,  1 nodes.
      Class space:        1.00 GB reserved,       5.13 MB ( <1%) committed,  1 nodes.
             Both:        1.06 GB reserved,      36.63 MB (  3%) committed. 

Chunk freelists:
   Non-Class:  416.00 KB
       Class:  10.92 MB
        Both:  11.33 MB

MaxMetaspaceSize: unlimited
CompressedClassSpaceSize: 1.00 GB
Initial GC threshold: 21.00 MB
Current GC threshold: 58.69 MB
CDS: on
MetaspaceReclaimPolicy: balanced
 - commit_granule_bytes: 65536.
 - commit_granule_words: 8192.
 - virtual_space_node_default_size: 8388608.
 - enlarge_chunks_in_place: 1.
 - new_chunks_are_fully_committed: 0.
 - uncommit_free_chunks: 1.
 - use_allocation_guard: 0.
 - handle_deallocations: 1.


Internal statistics:

num_allocs_failed_limit: 6.
num_arena_births: 714.
num_arena_deaths: 0.
num_vsnodes_births: 2.
num_vsnodes_deaths: 0.
num_space_committed: 586.
num_space_uncommitted: 0.
num_chunks_returned_to_freelist: 6.
num_chunks_taken_from_freelist: 2022.
num_chunk_merges: 6.
num_chunk_splits: 1333.
num_chunks_enlarged: 921.
num_inconsistent_stats: 0.

CodeCache: size=49152Kb used=8703Kb max_used=9748Kb free=40448Kb
 bounds [0x0000022bc8690000, 0x0000022bc9020000, 0x0000022bcb690000]
 total_blobs=5262 nmethods=4663 adapters=524
 compilation: enabled
              stopped_count=0, restarted_count=0
 full_count=0

Compilation events (20 events):
Event: 61.220 Thread 0x0000022bd264f1a0 4653       1       java.lang.StrictMath::floorOrCeil (128 bytes)
Event: 61.220 Thread 0x0000022bd264f1a0 nmethod 4653 0x0000022bc88cba10 code [0x0000022bc88cbbc0, 0x0000022bc88cbdd8]
Event: 61.220 Thread 0x0000022bd264f1a0 4656       1       org.springframework.util.MimeType::getType (5 bytes)
Event: 61.221 Thread 0x0000022bd264f1a0 nmethod 4656 0x0000022bc88cb710 code [0x0000022bc88cb8a0, 0x0000022bc88cb978]
Event: 61.221 Thread 0x0000022bd264f1a0 4654       1       java.lang.Math::getExponent (17 bytes)
Event: 61.221 Thread 0x0000022bd264f1a0 nmethod 4654 0x0000022bc88cb410 code [0x0000022bc88cb5a0, 0x0000022bc88cb678]
Event: 61.235 Thread 0x0000022bd264f1a0 4657       1       java.nio.charset.CharsetDecoder::maxCharsPerByte (5 bytes)
Event: 61.235 Thread 0x0000022bd264f1a0 nmethod 4657 0x0000022bc88cb110 code [0x0000022bc88cb2a0, 0x0000022bc88cb378]
Event: 61.235 Thread 0x0000022bd264f1a0 4658       1       sun.nio.cs.DoubleByte$Encoder::implReplaceWith (6 bytes)
Event: 61.235 Thread 0x0000022bd264f1a0 nmethod 4658 0x0000022bc88cae10 code [0x0000022bc88cafa0, 0x0000022bc88cb0b8]
Event: 61.235 Thread 0x0000022bd264f1a0 4659       1       java.nio.charset.CharsetEncoder::maxBytesPerChar (5 bytes)
Event: 61.236 Thread 0x0000022bd264f1a0 nmethod 4659 0x0000022bc88cab10 code [0x0000022bc88caca0, 0x0000022bc88cad78]
Event: 61.236 Thread 0x0000022bd264f1a0 4660       1       sun.nio.cs.DoubleByte$Encoder::isASCIICompatible (5 bytes)
Event: 61.236 Thread 0x0000022bd264f1a0 nmethod 4660 0x0000022bc88ca810 code [0x0000022bc88ca9a0, 0x0000022bc88caa78]
Event: 61.248 Thread 0x0000022bd264f1a0 4661       1       java.util.ResourceBundle::isValidBundle (17 bytes)
Event: 61.248 Thread 0x0000022bd264f1a0 nmethod 4661 0x0000022bc88ca510 code [0x0000022bc88ca6a0, 0x0000022bc88ca778]
Event: 63.625 Thread 0x0000022bd264f1a0 4662       1       java.util.concurrent.ThreadPoolExecutor::isShutdown (12 bytes)
Event: 63.625 Thread 0x0000022bd264f1a0 nmethod 4662 0x0000022bc88c9610 code [0x0000022bc88c97a0, 0x0000022bc88c9898]
Event: 63.629 Thread 0x0000022bd264f1a0 4663       1       java.util.concurrent.locks.LockSupport::setBlocker (12 bytes)
Event: 63.629 Thread 0x0000022bd264f1a0 nmethod 4663 0x0000022bc88c9310 code [0x0000022bc88c94a0, 0x0000022bc88c9598]

GC Heap History (16 events):
Event: 1.519 GC heap before
{Heap before GC invocations=0 (full 0):
 garbage-first heap   total 131072K, used 22528K [0x0000000081800000, 0x0000000100000000)
  region size 1024K, 13 young (13312K), 0 survivors (0K)
 Metaspace       used 322K, committed 512K, reserved 1114112K
  class space    used 22K, committed 128K, reserved 1048576K
}
Event: 1.524 GC heap after
{Heap after GC invocations=1 (full 0):
 garbage-first heap   total 131072K, used 17247K [0x0000000081800000, 0x0000000100000000)
  region size 1024K, 2 young (2048K), 2 survivors (2048K)
 Metaspace       used 322K, committed 512K, reserved 1114112K
  class space    used 22K, committed 128K, reserved 1048576K
}
Event: 2.101 GC heap before
{Heap before GC invocations=1 (full 0):
 garbage-first heap   total 131072K, used 30559K [0x0000000081800000, 0x0000000100000000)
  region size 1024K, 10 young (10240K), 2 survivors (2048K)
 Metaspace       used 5187K, committed 5376K, reserved 1114112K
  class space    used 606K, committed 704K, reserved 1048576K
}
Event: 2.104 GC heap after
{Heap after GC invocations=2 (full 0):
 garbage-first heap   total 131072K, used 18148K [0x0000000081800000, 0x0000000100000000)
  region size 1024K, 2 young (2048K), 2 survivors (2048K)
 Metaspace       used 5187K, committed 5376K, reserved 1114112K
  class space    used 606K, committed 704K, reserved 1048576K
}
Event: 2.999 GC heap before
{Heap before GC invocations=2 (full 0):
 garbage-first heap   total 131072K, used 37604K [0x0000000081800000, 0x0000000100000000)
  region size 1024K, 21 young (21504K), 2 survivors (2048K)
 Metaspace       used 9944K, committed 10176K, reserved 1114112K
  class space    used 1331K, committed 1472K, reserved 1048576K
}
Event: 3.005 GC heap after
{Heap after GC invocations=3 (full 0):
 garbage-first heap   total 131072K, used 20556K [0x0000000081800000, 0x0000000100000000)
  region size 1024K, 3 young (3072K), 3 survivors (3072K)
 Metaspace       used 9944K, committed 10176K, reserved 1114112K
  class space    used 1331K, committed 1472K, reserved 1048576K
}
Event: 3.575 GC heap before
{Heap before GC invocations=3 (full 0):
 garbage-first heap   total 131072K, used 50252K [0x0000000081800000, 0x0000000100000000)
  region size 1024K, 33 young (33792K), 3 survivors (3072K)
 Metaspace       used 15715K, committed 15936K, reserved 1114112K
  class space    used 2073K, committed 2176K, reserved 1048576K
}
Event: 3.581 GC heap after
{Heap after GC invocations=4 (full 0):
 garbage-first heap   total 131072K, used 23539K [0x0000000081800000, 0x0000000100000000)
  region size 1024K, 5 young (5120K), 5 survivors (5120K)
 Metaspace       used 15715K, committed 15936K, reserved 1114112K
  class space    used 2073K, committed 2176K, reserved 1048576K
}
Event: 5.097 GC heap before
{Heap before GC invocations=4 (full 0):
 garbage-first heap   total 131072K, used 74739K [0x0000000081800000, 0x0000000100000000)
  region size 1024K, 56 young (57344K), 5 survivors (5120K)
 Metaspace       used 21088K, committed 21504K, reserved 1114112K
  class space    used 2906K, committed 3072K, reserved 1048576K
}
Event: 5.109 GC heap after
{Heap after GC invocations=5 (full 0):
 garbage-first heap   total 131072K, used 27080K [0x0000000081800000, 0x0000000100000000)
  region size 1024K, 7 young (7168K), 7 survivors (7168K)
 Metaspace       used 21088K, committed 21504K, reserved 1114112K
  class space    used 2906K, committed 3072K, reserved 1048576K
}
Event: 5.814 GC heap before
{Heap before GC invocations=6 (full 0):
 garbage-first heap   total 99328K, used 80328K [0x0000000081800000, 0x0000000100000000)
  region size 1024K, 52 young (53248K), 7 survivors (7168K)
 Metaspace       used 28305K, committed 28736K, reserved 1114112K
  class space    used 3891K, committed 4096K, reserved 1048576K
}
Event: 5.824 GC heap after
{Heap after GC invocations=7 (full 0):
 garbage-first heap   total 99328K, used 30496K [0x0000000081800000, 0x0000000100000000)
  region size 1024K, 4 young (4096K), 4 survivors (4096K)
 Metaspace       used 28305K, committed 28736K, reserved 1114112K
  class space    used 3891K, committed 4096K, reserved 1048576K
}
Event: 7.478 GC heap before
{Heap before GC invocations=7 (full 0):
 garbage-first heap   total 99328K, used 69408K [0x0000000081800000, 0x0000000100000000)
  region size 1024K, 43 young (44032K), 4 survivors (4096K)
 Metaspace       used 33978K, committed 34496K, reserved 1114112K
  class space    used 4626K, committed 4864K, reserved 1048576K
}
Event: 7.486 GC heap after
{Heap after GC invocations=8 (full 0):
 garbage-first heap   total 99328K, used 34200K [0x0000000081800000, 0x0000000100000000)
  region size 1024K, 4 young (4096K), 4 survivors (4096K)
 Metaspace       used 33978K, committed 34496K, reserved 1114112K
  class space    used 4626K, committed 4864K, reserved 1048576K
}
Event: 7.733 GC heap before
{Heap before GC invocations=8 (full 0):
 garbage-first heap   total 99328K, used 38296K [0x0000000081800000, 0x0000000100000000)
  region size 1024K, 9 young (9216K), 4 survivors (4096K)
 Metaspace       used 35460K, committed 35968K, reserved 1114112K
  class space    used 4811K, committed 5056K, reserved 1048576K
}
Event: 7.740 GC heap after
{Heap after GC invocations=9 (full 0):
 garbage-first heap   total 99328K, used 34689K [0x0000000081800000, 0x0000000100000000)
  region size 1024K, 1 young (1024K), 1 survivors (1024K)
 Metaspace       used 35460K, committed 35968K, reserved 1114112K
  class space    used 4811K, committed 5056K, reserved 1048576K
}

Dll operation events (13 events):
Event: 0.661 Loaded shared library E:\jdk17\bin\java.dll
Event: 0.679 Loaded shared library E:\jdk17\bin\jsvml.dll
Event: 1.218 Loaded shared library E:\jdk17\bin\zip.dll
Event: 1.226 Loaded shared library E:\jdk17\bin\instrument.dll
Event: 1.234 Loaded shared library E:\jdk17\bin\net.dll
Event: 1.238 Loaded shared library E:\jdk17\bin\nio.dll
Event: 1.247 Loaded shared library E:\jdk17\bin\zip.dll
Event: 1.562 Loaded shared library E:\IDEA\IntelliJ IDEA 2021.1.1\bin\breakgen64.dll
Event: 1.572 Loaded shared library E:\jdk17\bin\jimage.dll
Event: 1.601 Loaded shared library E:\jdk17\bin\management.dll
Event: 1.612 Loaded shared library E:\jdk17\bin\management_ext.dll
Event: 5.328 Loaded shared library E:\jdk17\bin\sunmscapi.dll
Event: 61.242 Loaded shared library E:\jdk17\bin\jacob-1.14.3-x64.dll

Deoptimization events (6 events):
Event: 3.213 Thread 0x0000022bc0357490 DEOPT PACKING pc=0x0000022bc8bbf819 sp=0x000000475a8fd340
Event: 3.213 Thread 0x0000022bc0357490 DEOPT UNPACKING pc=0x0000022bc86e7143 sp=0x000000475a8fc820 mode 3
Event: 5.227 Thread 0x0000022bc0357490 DEOPT PACKING pc=0x0000022bc8e42edd sp=0x000000475a8fd080
Event: 5.227 Thread 0x0000022bc0357490 DEOPT UNPACKING pc=0x0000022bc86e7143 sp=0x000000475a8fc5e8 mode 3
Event: 5.859 Thread 0x0000022bc0357490 DEOPT PACKING pc=0x0000022bc8c065a2 sp=0x000000475a8fdd90
Event: 5.859 Thread 0x0000022bc0357490 DEOPT UNPACKING pc=0x0000022bc86e7143 sp=0x000000475a8fd298 mode 3

Classes unloaded (0 events):
No events

Classes redefined (0 events):
No events

Internal exceptions (20 events):
Event: 5.766 Thread 0x0000022bd7736090 Exception <a 'java/lang/reflect/InvocationTargetException'{0x0000000084980e10}> (0x0000000084980e10) 
thrown [s\src\hotspot\share\runtime\reflection.cpp, line 1121]
Event: 5.797 Thread 0x0000022bc0357490 Exception <a 'java/lang/NoSuchMethodError'{0x00000000846727a0}: 'int java.lang.invoke.Invokers$Holder.invokeExact_MT(java.lang.Object, java.lang.Object, java.lang.Object)'> (0x00000000846727a0) 
thrown [s\src\hotspot\share\interpreter\linkResolver.cpp, line 759]
Event: 5.940 Thread 0x0000022bc0357490 Exception <a 'java/lang/NoSuchMethodError'{0x000000008719b8e0}: 'void java.lang.invoke.DirectMethodHandle$Holder.invokeVirtual(java.lang.Object, java.lang.Object, int)'> (0x000000008719b8e0) 
thrown [s\src\hotspot\share\interpreter\linkResolver.cpp, line 759]
Event: 5.942 Thread 0x0000022bc0357490 Exception <a 'java/lang/NoSuchMethodError'{0x00000000871b7008}: 'void java.lang.invoke.DirectMethodHandle$Holder.invokeVirtual(java.lang.Object, java.lang.Object, long)'> (0x00000000871b7008) 
thrown [s\src\hotspot\share\interpreter\linkResolver.cpp, line 759]
Event: 6.037 Thread 0x0000022bc0357490 Exception <a 'java/lang/IncompatibleClassChangeError'{0x0000000086b0a1c0}: Found class java.lang.Object, but interface was expected> (0x0000000086b0a1c0) 
thrown [s\src\hotspot\share\interpreter\linkResolver.cpp, line 826]
Event: 6.058 Thread 0x0000022bc0357490 Exception <a 'java/lang/NoSuchMethodError'{0x0000000086af6978}: 'int java.lang.invoke.DirectMethodHandle$Holder.invokeStaticInit(java.lang.Object, java.lang.Object, java.lang.Object, java.lang.Object)'> (0x0000000086af6978) 
thrown [s\src\hotspot\share\interpreter\linkResolver.cpp, line 759]
Event: 6.115 Thread 0x0000022bc0357490 Exception <a 'java/lang/NoSuchMethodError'{0x00000000868b08e8}: 'java.lang.Object java.lang.invoke.DirectMethodHandle$Holder.newInvokeSpecial(java.lang.Object, java.lang.Object, java.lang.Object, java.lang.Object, java.lang.Object, java.lang.Object, java.lang.Object, java.lang.Object, java.lang.Object)'> (0x00000000868b08e8) 
thrown [s\src\hotspot\share\interpreter\linkResolver.cpp, line 759]
Event: 6.115 Thread 0x0000022bc0357490 Exception <a 'java/lang/NoSuchMethodError'{0x00000000868b55e0}: 'java.lang.Object java.lang.invoke.Invokers$Holder.linkToTargetMethod(java.lang.Object, java.lang.Object, java.lang.Object, java.lang.Object, java.lang.Object, java.lang.Object, java.lang.Object, java.lang.Object, java.lang.Object)'> (0x00000000868b55e0) 
thrown [s\src\hotspot\share\interpreter\linkResolver.cpp, line 759]
Event: 6.318 Thread 0x0000022bd7736090 Exception <a 'java/lang/reflect/InvocationTargetException'{0x0000000086489bc8}> (0x0000000086489bc8) 
thrown [s\src\hotspot\share\runtime\reflection.cpp, line 1121]
Event: 6.416 Thread 0x0000022bc0357490 Exception <a 'java/lang/NoSuchMethodError'{0x0000000086234ee0}: 'int java.lang.invoke.DirectMethodHandle$Holder.invokeStatic(java.lang.Object, java.lang.Object, java.lang.Object, java.lang.Object, java.lang.Object)'> (0x0000000086234ee0) 
thrown [s\src\hotspot\share\interpreter\linkResolver.cpp, line 759]
Event: 6.472 Thread 0x0000022bc0357490 Exception <a 'java/lang/NoSuchMethodError'{0x00000000861c5c20}: 'double java.lang.invoke.DirectMethodHandle$Holder.invokeStatic(java.lang.Object, java.lang.Object)'> (0x00000000861c5c20) 
thrown [s\src\hotspot\share\interpreter\linkResolver.cpp, line 759]
Event: 6.568 Thread 0x0000022bc0357490 Exception <a 'java/lang/NoSuchMethodError'{0x0000000085ca4ec8}: 'void java.lang.invoke.DirectMethodHandle$Holder.invokeStatic(java.lang.Object, java.lang.Object, double)'> (0x0000000085ca4ec8) 
thrown [s\src\hotspot\share\interpreter\linkResolver.cpp, line 759]
Event: 6.574 Thread 0x0000022bc0357490 Exception <a 'java/lang/NoSuchMethodError'{0x0000000085cf4290}: 'double java.lang.invoke.DirectMethodHandle$Holder.invokeStatic(java.lang.Object, java.lang.Object, java.lang.Object)'> (0x0000000085cf4290) 
thrown [s\src\hotspot\share\interpreter\linkResolver.cpp, line 759]
Event: 6.584 Thread 0x0000022bc0357490 Exception <a 'java/lang/NoSuchMethodError'{0x0000000085b69820}: 'java.lang.Object java.lang.invoke.DirectMethodHandle$Holder.newInvokeSpecial(java.lang.Object, java.lang.Object, int, java.lang.Object, java.lang.Object)'> (0x0000000085b69820) 
thrown [s\src\hotspot\share\interpreter\linkResolver.cpp, line 759]
Event: 6.586 Thread 0x0000022bc0357490 Exception <a 'java/lang/NoSuchMethodError'{0x0000000085b74e98}: 'java.lang.Object java.lang.invoke.DirectMethodHandle$Holder.invokeSpecial(java.lang.Object, java.lang.Object, int, java.lang.Object, int, java.lang.Object)'> (0x0000000085b74e98) 
thrown [s\src\hotspot\share\interpreter\linkResolver.cpp, line 759]
Event: 6.586 Thread 0x0000022bc0357490 Exception <a 'java/lang/NoSuchMethodError'{0x0000000085b7cca0}: 'java.lang.Object java.lang.invoke.DirectMethodHandle$Holder.newInvokeSpecial(java.lang.Object, java.lang.Object, int, java.lang.Object, int)'> (0x0000000085b7cca0) 
thrown [s\src\hotspot\share\interpreter\linkResolver.cpp, line 759]
Event: 6.587 Thread 0x0000022bc0357490 Exception <a 'java/lang/NoSuchMethodError'{0x0000000085b80e70}: 'java.lang.Object java.lang.invoke.DirectMethodHandle$Holder.invokeSpecial(java.lang.Object, java.lang.Object, java.lang.Object, int, java.lang.Object, int)'> (0x0000000085b80e70) 
thrown [s\src\hotspot\share\interpreter\linkResolver.cpp, line 759]
Event: 7.497 Thread 0x0000022bd71c4580 Exception <a 'java/lang/NoSuchMethodError'{0x000000008972b4c0}: 'long java.lang.invoke.DirectMethodHandle$Holder.invokeStatic(java.lang.Object, java.lang.Object, java.lang.Object)'> (0x000000008972b4c0) 
thrown [s\src\hotspot\share\interpreter\linkResolver.cpp, line 759]
Event: 61.145 Thread 0x0000022bd8231c50 Exception <a 'java/lang/NoSuchMethodError'{0x000000008753bee8}: 'java.lang.Object java.lang.invoke.DirectMethodHandle$Holder.invokeSpecial(java.lang.Object, java.lang.Object, java.lang.Object, java.lang.Object, java.lang.Object, long)'> (0x000000008753bee8) 
thrown [s\src\hotspot\share\interpreter\linkResolver.cpp, line 759]
Event: 61.146 Thread 0x0000022bd8231c50 Exception <a 'java/lang/NoSuchMethodError'{0x000000008753f928}: 'java.lang.Object java.lang.invoke.Invokers$Holder.linkToTargetMethod(java.lang.Object, java.lang.Object, java.lang.Object, long, java.lang.Object)'> (0x000000008753f928) 
thrown [s\src\hotspot\share\interpreter\linkResolver.cpp, line 759]

VM Operations (20 events):
Event: 6.577 Executing VM operation: HandshakeAllThreads
Event: 6.577 Executing VM operation: HandshakeAllThreads done
Event: 6.614 Executing VM operation: ICBufferFull
Event: 6.614 Executing VM operation: ICBufferFull done
Event: 7.478 Executing VM operation: G1CollectForAllocation
Event: 7.487 Executing VM operation: G1CollectForAllocation done
Event: 7.733 Executing VM operation: CollectForMetadataAllocation
Event: 7.740 Executing VM operation: CollectForMetadataAllocation done
Event: 7.785 Executing VM operation: G1Concurrent
Event: 7.788 Executing VM operation: G1Concurrent done
Event: 7.811 Executing VM operation: G1Concurrent
Event: 7.811 Executing VM operation: G1Concurrent done
Event: 9.827 Executing VM operation: Cleanup
Event: 9.827 Executing VM operation: Cleanup done
Event: 61.161 Executing VM operation: HandshakeAllThreads
Event: 61.161 Executing VM operation: HandshakeAllThreads done
Event: 61.161 Executing VM operation: Cleanup
Event: 61.161 Executing VM operation: Cleanup done
Event: 62.170 Executing VM operation: Cleanup
Event: 62.170 Executing VM operation: Cleanup done

Events (20 events):
Event: 61.103 loading class sun/nio/ch/SocketAdaptor done
Event: 61.104 loading class sun/nio/ch/SocketChannelImpl$DefaultOptionsHolder
Event: 61.104 loading class sun/nio/ch/SocketChannelImpl$DefaultOptionsHolder done
Event: 61.105 loading class sun/nio/ch/SelectionKeyImpl
Event: 61.105 loading class java/nio/channels/spi/AbstractSelectionKey
Event: 61.105 loading class java/nio/channels/SelectionKey
Event: 61.105 loading class java/nio/channels/SelectionKey done
Event: 61.105 loading class java/nio/channels/spi/AbstractSelectionKey done
Event: 61.105 loading class sun/nio/ch/SelectionKeyImpl done
Event: 61.105 loading class java/lang/invoke/ConstantBootstraps
Event: 61.106 loading class java/lang/invoke/ConstantBootstraps done
Event: 61.153 loading class java/io/StringReader
Event: 61.153 loading class java/io/StringReader done
Event: 61.201 loading class java/util/concurrent/ArrayBlockingQueue
Event: 61.201 loading class java/util/concurrent/ArrayBlockingQueue done
Event: 61.202 loading class java/util/concurrent/ArrayBlockingQueue$Itr
Event: 61.202 loading class java/util/concurrent/ArrayBlockingQueue$Itr done
Event: 61.233 loading class java/util/MissingResourceException
Event: 61.233 loading class java/util/MissingResourceException done
Event: 61.246 Thread 0x0000022bd829eb60 Thread added: 0x0000022bd829eb60


Dynamic libraries:
0x00007ff7e06a0000 - 0x00007ff7e06ad000 	E:\jdk17\bin\java.exe
0x00007ffe45790000 - 0x00007ffe45988000 	C:\Windows\SYSTEM32\ntdll.dll
0x00007ffe44c80000 - 0x00007ffe44d3f000 	C:\Windows\System32\KERNEL32.DLL
0x00007ffe43280000 - 0x00007ffe4355a000 	C:\Windows\System32\KERNELBASE.dll
0x00007ffe42ea0000 - 0x00007ffe42fa0000 	C:\Windows\System32\ucrtbase.dll
0x00007ffe3c660000 - 0x00007ffe3c677000 	E:\jdk17\bin\jli.dll
0x00007ffe45120000 - 0x00007ffe452bd000 	C:\Windows\System32\USER32.dll
0x00007ffe43200000 - 0x00007ffe43222000 	C:\Windows\System32\win32u.dll
0x00007ffe452c0000 - 0x00007ffe452eb000 	C:\Windows\System32\GDI32.dll
0x00007ffe42fa0000 - 0x00007ffe430b0000 	C:\Windows\System32\gdi32full.dll
0x00007ffe430b0000 - 0x00007ffe4314d000 	C:\Windows\System32\msvcp_win.dll
0x00007ffe3c680000 - 0x00007ffe3c695000 	E:\jdk17\bin\VCRUNTIME140.dll
0x00007ffe2c6d0000 - 0x00007ffe2c96a000 	C:\Windows\WinSxS\amd64_microsoft.windows.common-controls_6595b64144ccf1df_6.0.19041.1110_none_60b5254171f9507e\COMCTL32.dll
0x00007ffe43ff0000 - 0x00007ffe4408e000 	C:\Windows\System32\msvcrt.dll
0x00007ffe452f0000 - 0x00007ffe45320000 	C:\Windows\System32\IMM32.DLL
0x00007ffe38160000 - 0x00007ffe381ca000 	C:\Windows\LVUAAgentInstBaseRoot\system32\Vozokopot.dll
0x00007ffe25900000 - 0x00007ffe2599b000 	E:\jdk17\bin\msvcp140.dll
0x00007ffde69d0000 - 0x00007ffde75ea000 	E:\jdk17\bin\server\jvm.dll
0x00007ffe44ee0000 - 0x00007ffe44f8e000 	C:\Windows\System32\ADVAPI32.dll
0x00007ffe454b0000 - 0x00007ffe4554c000 	C:\Windows\System32\sechost.dll
0x00007ffe45620000 - 0x00007ffe45746000 	C:\Windows\System32\RPCRT4.dll
0x00007ffe2b3a0000 - 0x00007ffe2b3a9000 	C:\Windows\SYSTEM32\WSOCK32.dll
0x00007ffe455b0000 - 0x00007ffe4561b000 	C:\Windows\System32\WS2_32.dll
0x00007ffe35ba0000 - 0x00007ffe35bc7000 	C:\Windows\SYSTEM32\WINMM.dll
0x00007ffe3e020000 - 0x00007ffe3e02a000 	C:\Windows\SYSTEM32\VERSION.dll
0x00007ffe08c20000 - 0x00007ffe09071000 	C:\Windows\LVUAAgentInstBaseRoot\system32\MozartBreathCore.dll
0x00007ffe44a90000 - 0x00007ffe44b6a000 	C:\Windows\System32\COMDLG32.dll
0x00007ffe44240000 - 0x00007ffe44594000 	C:\Windows\System32\combase.dll
0x00007ffe437f0000 - 0x00007ffe4389d000 	C:\Windows\System32\shcore.dll
0x00007ffe44b90000 - 0x00007ffe44be5000 	C:\Windows\System32\SHLWAPI.dll
0x00007ffe438a0000 - 0x00007ffe43fe4000 	C:\Windows\System32\SHELL32.dll
0x00007ffe44d40000 - 0x00007ffe44e6a000 	C:\Windows\System32\ole32.dll
0x00007ffe44f90000 - 0x00007ffe4505d000 	C:\Windows\System32\OLEAUT32.dll
0x00007ffe421c0000 - 0x00007ffe421fc000 	C:\Windows\SYSTEM32\IPHLPAPI.DLL
0x00007ffe3e030000 - 0x00007ffe3e044000 	C:\Windows\SYSTEM32\WTSAPI32.dll
0x00007ffe37fe0000 - 0x00007ffe37ffd000 	C:\Windows\SYSTEM32\MPR.dll
0x00007ffe42200000 - 0x00007ffe422cb000 	C:\Windows\SYSTEM32\DNSAPI.dll
0x00007ffe316e0000 - 0x00007ffe31778000 	C:\Windows\SYSTEM32\WINSPOOL.DRV
0x00007ffe45060000 - 0x00007ffe45068000 	C:\Windows\System32\NSI.dll
0x00007ffe2edf0000 - 0x00007ffe2ee12000 	C:\Windows\LVUAAgentInstBaseRoot\system32\MozartBreathFw.dll
0x00007ffe2d920000 - 0x00007ffe2d982000 	C:\Windows\LVUAAgentInstBaseRoot\system32\MozartBreathBolo2.dll
0x00007ffe2d530000 - 0x00007ffe2d559000 	C:\Windows\LVUAAgentInstBaseRoot\system32\MozartBreathProtect.dll
0x00007ffe40c50000 - 0x00007ffe40c62000 	C:\Windows\SYSTEM32\kernel.appcore.dll
0x00007ffe3c530000 - 0x00007ffe3c53a000 	E:\jdk17\bin\jimage.dll
0x00007ffe3d4b0000 - 0x00007ffe3d694000 	C:\Windows\SYSTEM32\DBGHELP.DLL
0x00007ffe3ce60000 - 0x00007ffe3ce94000 	C:\Windows\SYSTEM32\dbgcore.DLL
0x00007ffe43560000 - 0x00007ffe435e2000 	C:\Windows\System32\bcryptPrimitives.dll
0x00007ffe32300000 - 0x00007ffe3230e000 	E:\jdk17\bin\instrument.dll
0x00007ffe2d500000 - 0x00007ffe2d525000 	E:\jdk17\bin\java.dll
0x00007ffe45380000 - 0x00007ffe45388000 	C:\Windows\System32\psapi.dll
0x00007ffe3d2d0000 - 0x00007ffe3d344000 	C:\Windows\SYSTEM32\Wlanapi.dll
0x00007ffe42de0000 - 0x00007ffe42dff000 	C:\Windows\SYSTEM32\profapi.dll
0x00007ffe01c20000 - 0x00007ffe01cf6000 	E:\jdk17\bin\jsvml.dll
0x00007ffe40e50000 - 0x00007ffe415e3000 	C:\Windows\SYSTEM32\windows.storage.dll
0x00007ffe426d0000 - 0x00007ffe426fe000 	C:\Windows\System32\Wldp.dll
0x00007ffe2edd0000 - 0x00007ffe2ede8000 	E:\jdk17\bin\zip.dll
0x00007ffe32370000 - 0x00007ffe32389000 	E:\jdk17\bin\net.dll
0x00007ffe3cea0000 - 0x00007ffe3cfaa000 	C:\Windows\SYSTEM32\WINHTTP.dll
0x00007ffe424b0000 - 0x00007ffe4251a000 	C:\Windows\system32\mswsock.dll
0x00007ffe2fcc0000 - 0x00007ffe2fcd5000 	E:\jdk17\bin\nio.dll
0x00007ffe25150000 - 0x00007ffe2516a000 	E:\IDEA\IntelliJ IDEA 2021.1.1\bin\breakgen64.dll
0x00007ffe3ca50000 - 0x00007ffe3ca9b000 	C:\Program Files (x86)\Sangfor\SSL\ClientComponent2\SangforNspX64.dll
0x00007ffe3ce10000 - 0x00007ffe3ce1a000 	C:\Windows\System32\rasadhlp.dll
0x00007ffe3e7b0000 - 0x00007ffe3e830000 	C:\Windows\System32\fwpuclnt.dll
0x00007ffe43750000 - 0x00007ffe43777000 	C:\Windows\System32\bcrypt.dll
0x00007ffe31f50000 - 0x00007ffe31f59000 	E:\jdk17\bin\management.dll
0x00007ffe2ed20000 - 0x00007ffe2ed2b000 	E:\jdk17\bin\management_ext.dll
0x00007ffe42710000 - 0x00007ffe42728000 	C:\Windows\SYSTEM32\CRYPTSP.dll
0x00007ffe41df0000 - 0x00007ffe41e24000 	C:\Windows\system32\rsaenh.dll
0x00007ffe42da0000 - 0x00007ffe42dce000 	C:\Windows\SYSTEM32\USERENV.dll
0x00007ffe42640000 - 0x00007ffe4264c000 	C:\Windows\SYSTEM32\CRYPTBASE.dll
0x00007ffe3e720000 - 0x00007ffe3e737000 	C:\Windows\SYSTEM32\dhcpcsvc6.DLL
0x00007ffe3e700000 - 0x00007ffe3e71d000 	C:\Windows\SYSTEM32\dhcpcsvc.DLL
0x00007ffe367a0000 - 0x00007ffe367b7000 	C:\Windows\system32\napinsp.dll
0x00007ffe36810000 - 0x00007ffe3682b000 	C:\Windows\system32\pnrpnsp.dll
0x00007ffe36910000 - 0x00007ffe36925000 	C:\Windows\system32\wshbth.dll
0x00007ffe3dd70000 - 0x00007ffe3dd8d000 	C:\Windows\system32\NLAapi.dll
0x00007ffe37bc0000 - 0x00007ffe37bd2000 	C:\Windows\System32\winrnr.dll
0x00007ffe2e680000 - 0x00007ffe2e68e000 	E:\jdk17\bin\sunmscapi.dll
0x00007ffe435f0000 - 0x00007ffe43746000 	C:\Windows\System32\CRYPT32.dll
0x00007ffe42820000 - 0x00007ffe42848000 	C:\Windows\SYSTEM32\ncrypt.dll
0x00007ffe427e0000 - 0x00007ffe4281b000 	C:\Windows\SYSTEM32\NTASN1.dll
0x00007ffe2e590000 - 0x00007ffe2e597000 	C:\Windows\system32\wshunix.dll
0x0000000180000000 - 0x0000000180021000 	E:\jdk17\bin\jacob-1.14.3-x64.dll
0x00000000645b0000 - 0x0000000064679000 	C:\Windows\WinSxS\amd64_microsoft.vc80.crt_1fc8b3b9a1e18e3b_8.0.50727.9672_none_88e266cb2fac7c0d\MSVCR80.dll
0x00007ffe40700000 - 0x00007ffe4079e000 	C:\Windows\system32\uxtheme.dll
0x00007ffe30ec0000 - 0x00007ffe30f4a000 	C:\Windows\winmy\MYPRO64.dll
0x00007ffe45070000 - 0x00007ffe45119000 	C:\Windows\System32\clbcatq.dll

dbghelp: loaded successfully - version: 4.0.5 - missing functions: none
symbol engine: initialized successfully - sym options: 0x614 - pdb path: .;E:\jdk17\bin;C:\Windows\SYSTEM32;C:\Windows\WinSxS\amd64_microsoft.windows.common-controls_6595b64144ccf1df_6.0.19041.1110_none_60b5254171f9507e;C:\Windows\LVUAAgentInstBaseRoot\system32;E:\jdk17\bin\server;E:\IDEA\IntelliJ IDEA 2021.1.1\bin;C:\Program Files (x86)\Sangfor\SSL\ClientComponent2;C:\Windows\WinSxS\amd64_microsoft.vc80.crt_1fc8b3b9a1e18e3b_8.0.50727.9672_none_88e266cb2fac7c0d;C:\Windows\winmy

VM Arguments:
jvm_args: -XX:TieredStopAtLevel=1 -Xverify:none -Dspring.output.ansi.enabled=always -javaagent:E:\IDEA\IntelliJ IDEA 2021.1.1\lib\idea_rt.jar=54657:E:\IDEA\IntelliJ IDEA 2021.1.1\bin -Dcom.sun.management.jmxremote -Dspring.jmx.enabled=true -Dspring.liveBeansView.mbeanDomain -Dspring.application.admin.enabled=true -Dfile.encoding=UTF-8 
java_command: com.atxiaohu.vip.SpringBootApplication
java_class_path (initial): D:\test\target\classes;C:\Users\shuaihu.zhang\.m2\repository\org\springframework\spring-core\6.0.5\spring-core-6.0.5.jar;C:\Users\shuaihu.zhang\.m2\repository\org\springframework\spring-jcl\6.0.5\spring-jcl-6.0.5.jar;C:\Users\shuaihu.zhang\.m2\repository\org\springframework\boot\spring-boot-autoconfigure\3.0.3\spring-boot-autoconfigure-3.0.3.jar;C:\Users\shuaihu.zhang\.m2\repository\org\springframework\boot\spring-boot\3.0.3\spring-boot-3.0.3.jar;C:\Users\shuaihu.zhang\.m2\repository\org\springframework\spring-context\6.0.5\spring-context-6.0.5.jar;C:\Users\shuaihu.zhang\.m2\repository\org\springframework\boot\spring-boot-starter\3.0.3\spring-boot-starter-3.0.3.jar;C:\Users\shuaihu.zhang\.m2\repository\org\springframework\boot\spring-boot-starter-logging\3.0.3\spring-boot-starter-logging-3.0.3.jar;C:\Users\shuaihu.zhang\.m2\repository\ch\qos\logback\logback-classic\1.4.5\logback-classic-1.4.5.jar;C:\Users\shuaihu.zhang\.m2\repository\ch\qos\logback\logback-core\1.4.5\logback-core-1.4.5.jar;C:\Users\shuaihu.zhang\.m2\repository\org\apache\logging\log4j\log4j-to-slf4j\2.19.0\log4j-to-slf4j-2.19.0.jar;C:\Users\shuaihu.zhang\.m2\repository\org\apache\logging\log4j\log4j-api\2.19.0\log4j-api-2.19.0.jar;C:\Users\shuaihu.zhang\.m2\repository\org\slf4j\jul-to-slf4j\2.0.6\jul-to-slf4j-2.0.6.jar;C:\Users\shuaihu.zhang\.m2\repository\jakarta\annotation\jakarta.annotation-api\2.1.1\jakarta.annotation-api-2.1.1.jar;C:\Users\shuaihu.zhang\.m2\repository\org\yaml\snakeyaml\1.33\snakeyaml-1.33.jar;C:\Users\shuaihu.zhang\.m2\repository\org\springframework\boot\spring-boot-starter-web\3.0.3\spring-boot-starter-web-3.0.3.jar;C:\Users\shuaihu.zhang\.m2\repository\org\springframework\boot\spring-boot-starter-json\3.0.3\spring-boot-starter-json-3.0.3.jar;C:\Users\shuaihu.zhang\.m2\repository\com\fasterxml\jackson\core\jackson-databind\2.14.2\jackson-databind-2.14.2.jar;C:\Users\shuaihu.zhang\.m2\repository\com\fasterxml\jackson\core\jackson-annotations\2.14.2
Launcher Type: SUN_STANDARD

[Global flags]
     intx CICompilerCount                          = 3                                         {product} {ergonomic}
     uint ConcGCThreads                            = 1                                         {product} {ergonomic}
     uint G1ConcRefinementThreads                  = 4                                         {product} {ergonomic}
   size_t G1HeapRegionSize                         = 1048576                                   {product} {ergonomic}
    uintx GCDrainStackTargetSize                   = 64                                        {product} {ergonomic}
   size_t InitialHeapSize                          = 134217728                                 {product} {ergonomic}
     bool ManagementServer                         = true                                      {product} {command line}
   size_t MarkStackSize                            = 4194304                                   {product} {ergonomic}
   size_t MaxHeapSize                              = 2122317824                                {product} {ergonomic}
   size_t MaxNewSize                               = 1272971264                                {product} {ergonomic}
   size_t MinHeapDeltaBytes                        = 1048576                                   {product} {ergonomic}
   size_t MinHeapSize                              = 8388608                                   {product} {ergonomic}
    uintx NonProfiledCodeHeapSize                  = 0                                      {pd product} {ergonomic}
     bool ProfileInterpreter                       = false                                  {pd product} {command line}
    uintx ProfiledCodeHeapSize                     = 0                                      {pd product} {ergonomic}
   size_t SoftMaxHeapSize                          = 2122317824                             {manageable} {ergonomic}
     intx TieredStopAtLevel                        = 1                                         {product} {command line}
     bool UseCompressedClassPointers               = true                           {product lp64_product} {ergonomic}
     bool UseCompressedOops                        = true                           {product lp64_product} {ergonomic}
     bool UseG1GC                                  = true                                      {product} {ergonomic}
     bool UseLargePagesIndividualAllocation        = false                                  {pd product} {ergonomic}

Logging:
Log output configuration:
 #0: stdout all=warning uptime,level,tags
 #1: stderr all=off uptime,level,tags

Environment Variables:
JAVA_HOME=E:\jdk
PATH=C:\Program Files (x86)\Common Files\Oracle\Java\javapath;C:\Windows\system32;C:\Windows;C:\Windows\System32\Wbem;C:\Windows\System32\WindowsPowerShell\v1.0\;C:\Windows\System32\OpenSSH\;C:\Program Files (x86)\MySQL\MySQL Fabric 1.5.3 & MySQL Utilities 1.5.3 1.5\;C:\Program Files (x86)\MySQL\MySQL Fabric 1.5.3 & MySQL Utilities 1.5.3 1.5\Doctrine extensions for PHP\;C:\Program Files\Docker\Docker\resources\bin;E:\nodejs\;C:\Users\shuaihu.zhang\AppData\Local\Microsoft\WindowsApps;E:\vscode\Microsoft VS Code\bin;E:\Git\Git\cmd;E:\jdk\bin;E:\apache-maven-3.9.1-bin\apache-maven-3.9.1\bin;E:\Redis-x64-3.0.504;E:\node16;
USERNAME=shuaihu.zhang
OS=Windows_NT
PROCESSOR_IDENTIFIER=Intel64 Family 6 Model 94 Stepping 3, GenuineIntel
TMP=C:\Users\shuaihu.zhang\AppData\Local\Temp
TEMP=C:\Users\shuaihu.zhang\AppData\Local\Temp



---------------  S Y S T E M  ---------------

OS:
 Windows 10 , 64 bit Build 19041 (10.0.19041.2788)
OS uptime: 28 days 23:21 hours
Hyper-V role detected

CPU: total 4 (initial active 4) (2 cores per cpu, 2 threads per core) family 6 model 94 stepping 3 microcode 0xcc, cx8, cmov, fxsr, ht, mmx, 3dnowpref, sse, sse2, sse3, ssse3, sse4.1, sse4.2, popcnt, lzcnt, tsc, tscinvbit, avx, avx2, aes, erms, clmul, bmi1, bmi2, adx, fma, vzeroupper, clflush, clflushopt, hv

Memory: 4k page, system-wide physical 8094M (765M free)
TotalPageFile size 12332M (AvailPageFile size 1918M)
current process WorkingSet (physical memory assigned to process): 197M, peak: 197M
current process commit charge ("private bytes"): 233M, peak: 242M

vm_info: OpenJDK 64-Bit Server VM (17.0.7+7-LTS) for windows-amd64 JRE (17.0.7+7-LTS), built on Apr 14 2023 01:39:21 by "Administrator" with MS VC++ 15.9 (VS2017)

END.
